<?xml version="1.0" encoding="UTF-8"?>
<testsuite xmlns:xsi="http://www.w3.org/2001/XMLSchema-instance" xsi:noNamespaceSchemaLocation="https://maven.apache.org/surefire/maven-surefire-plugin/xsd/surefire-test-report.xsd" version="3.0.2" name="br.com.fiap.CP1_pt1.Cp1Pt1ApplicationTests" time="9.676" tests="1" errors="0" skipped="0" failures="0">
  <properties>
[...]
</properties>
  <testcase name="contextLoads" classname="br.com.fiap.CP1_pt1.Cp1Pt1ApplicationTests" time="0.317">
    <system-out><![CDATA[23:30:57.447 [main] INFO org.springframework.test.context.support.AnnotationConfigContextLoaderUtils -- Could not detect default configuration classes for test class [br.com.fiap.CP1_pt1.Cp1Pt1ApplicationTests]: Cp1Pt1ApplicationTests does not declare any static, non-private, non-final, nested classes annotated with @Configuration.
23:30:57.561 [main] INFO org.springframework.boot.test.context.SpringBootTestContextBootstrapper -- Found @SpringBootConfiguration br.com.fiap.CP1_pt1.Cp1Pt1Application for test class br.com.fiap.CP1_pt1.Cp1Pt1ApplicationTests
23:30:57.721 [main] INFO org.springframework.boot.devtools.restart.RestartApplicationListener -- Restart disabled due to context in which it is running

  .   ____          _            __ _ _
 /\\ / ___'_ __ _ _(_)_ __  __ _ \ \ \ \
( ( )\___ | '_ | '_| | '_ \/ _` | \ \ \ \
 \\/  ___)| |_)| | | | | || (_| |  ) ) ) )
  '  |____| .__|_| |_|_| |_\__, | / / / /
 =========|_|==============|___/=/_/_/_/

 :: Spring Boot ::                (v3.5.4)

2025-08-07T23:30:58.011-03:00  INFO 23780 --- [CP1-pt1] [           main] b.c.fiap.CP1_pt1.Cp1Pt1ApplicationTests  : Starting Cp1Pt1ApplicationTests using Java 24.0.1 with PID 23780 (started by vinil in C:\Users\vinil\CP1-PT1\CP1-pt1\CP1-pt1)
2025-08-07T23:30:58.013-03:00  INFO 23780 --- [CP1-pt1] [           main] b.c.fiap.CP1_pt1.Cp1Pt1ApplicationTests  : No active profile set, falling back to 1 default profile: "default"
2025-08-07T23:30:58.657-03:00  INFO 23780 --- [CP1-pt1] [           main] .s.d.r.c.RepositoryConfigurationDelegate : Bootstrapping Spring Data JPA repositories in DEFAULT mode.
2025-08-07T23:30:58.722-03:00  INFO 23780 --- [CP1-pt1] [           main] .s.d.r.c.RepositoryConfigurationDelegate : Finished Spring Data repository scanning in 54 ms. Found 1 JPA repository interface.
2025-08-07T23:30:59.238-03:00  INFO 23780 --- [CP1-pt1] [           main] o.hibernate.jpa.internal.util.LogHelper  : HHH000204: Processing PersistenceUnitInfo [name: default]
2025-08-07T23:30:59.295-03:00  INFO 23780 --- [CP1-pt1] [           main] org.hibernate.Version                    : HHH000412: Hibernate ORM core version 6.6.22.Final
2025-08-07T23:30:59.334-03:00  INFO 23780 --- [CP1-pt1] [           main] o.h.c.internal.RegionFactoryInitiator    : HHH000026: Second-level cache disabled
2025-08-07T23:30:59.670-03:00  INFO 23780 --- [CP1-pt1] [           main] o.s.o.j.p.SpringPersistenceUnitInfo      : No LoadTimeWeaver setup: ignoring JPA class transformer
2025-08-07T23:30:59.702-03:00  INFO 23780 --- [CP1-pt1] [           main] com.zaxxer.hikari.HikariDataSource       : HikariPool-1 - Starting...
2025-08-07T23:30:59.705-03:00  WARN 23780 --- [CP1-pt1] [           main] c.zaxxer.hikari.util.DriverDataSource    : Registered driver with driverClassName=oracle.jdbc.driver.OracleDriver was not found, trying direct instantiation.
2025-08-07T23:31:00.248-03:00  INFO 23780 --- [CP1-pt1] [           main] com.zaxxer.hikari.pool.HikariPool        : HikariPool-1 - Added connection oracle.jdbc.driver.T4CConnection@4b3ad7ca
2025-08-07T23:31:00.249-03:00  INFO 23780 --- [CP1-pt1] [           main] com.zaxxer.hikari.HikariDataSource       : HikariPool-1 - Start completed.
2025-08-07T23:31:00.434-03:00  WARN 23780 --- [CP1-pt1] [           main] org.hibernate.orm.deprecation            : HHH90000025: OracleDialect does not need to be specified explicitly using 'hibernate.dialect' (remove the property setting and it will be selected by default)
2025-08-07T23:31:00.563-03:00  INFO 23780 --- [CP1-pt1] [           main] org.hibernate.orm.connections.pooling    : HHH10001005: Database info:
	Database JDBC URL [Connecting through datasource 'HikariDataSource (HikariPool-1)']
	Database driver: undefined/unknown
	Database version: 19.3
	Autocommit mode: undefined/unknown
	Isolation level: undefined/unknown
	Minimum pool size: undefined/unknown
	Maximum pool size: undefined/unknown
2025-08-07T23:31:01.234-03:00  INFO 23780 --- [CP1-pt1] [           main] o.h.e.t.j.p.i.JtaPlatformInitiator       : HHH000489: No JTA platform available (set 'hibernate.transaction.jta.platform' to enable JTA platform integration)
2025-08-07T23:31:05.898-03:00  INFO 23780 --- [CP1-pt1] [           main] j.LocalContainerEntityManagerFactoryBean : Initialized JPA EntityManagerFactory for persistence unit 'default'
2025-08-07T23:31:06.236-03:00  WARN 23780 --- [CP1-pt1] [           main] JpaBaseConfiguration$JpaWebConfiguration : spring.jpa.open-in-view is enabled by default. Therefore, database queries may be performed during view rendering. Explicitly configure spring.jpa.open-in-view to disable this warning
2025-08-07T23:31:06.349-03:00  INFO 23780 --- [CP1-pt1] [           main] o.s.v.b.OptionalValidatorFactoryBean     : Failed to set up a Bean Validation provider: jakarta.validation.NoProviderFoundException: Unable to create a Configuration, because no Jakarta Bean Validation provider could be found. Add a provider like Hibernate Validator (RI) to your classpath.
2025-08-07T23:31:06.653-03:00  INFO 23780 --- [CP1-pt1] [           main] b.c.fiap.CP1_pt1.Cp1Pt1ApplicationTests  : Started Cp1Pt1ApplicationTests in 8.945 seconds (process running for 9.867)
]]></system-out>
    <system-err><![CDATA[Mockito is currently self-attaching to enable the inline-mock-maker. This will no longer work in future releases of the JDK. Please add Mockito as an agent to your build as described in Mockito's documentation: https://javadoc.io/doc/org.mockito/mockito-core/latest/org.mockito/org/mockito/Mockito.html#0.3
WARNING: A Java agent has been loaded dynamically (C:\Users\vinil\.m2\repository\net\bytebuddy\byte-buddy-agent\1.17.6\byte-buddy-agent-1.17.6.jar)
WARNING: If a serviceability tool is in use, please run with -XX:+EnableDynamicAgentLoading to hide this warning
WARNING: If a serviceability tool is not in use, please run with -Djdk.instrument.traceUsage for more information
WARNING: Dynamic loading of agents will be disallowed by default in a future release
]]></system-err>
  </testcase>
</testsuite>